

Started GET "/" for 127.0.0.1 at 2017-03-23 23:22:35 +0530
Processing by Rails::WelcomeController#index as HTML
  Rendered /home/abhilash/.rvm/gems/ruby-2.2.3/gems/railties-4.2.6/lib/rails/templates/rails/welcome/index.html.erb (7.3ms)
Completed 200 OK in 183ms (Views: 154.0ms | ActiveRecord: 0.0ms)
  [1m[36mActiveRecord::SchemaMigration Load (154.1ms)[0m  [1mSELECT "schema_migrations".* FROM "schema_migrations"[0m
Migrating to CreatePhotos (20170323191843)
  [1m[35m (0.4ms)[0m  BEGIN
  [1m[36m (777.1ms)[0m  [1mCREATE TABLE "photos" ("id" serial primary key, "parking_space_id" integer, "original" character varying, "square_large" character varying, "created_at" timestamp NOT NULL, "updated_at" timestamp NOT NULL) [0m
  [1m[35m (58.8ms)[0m  CREATE  INDEX  "index_photos_on_parking_space_id" ON "photos"  ("parking_space_id")
  [1m[36mSQL (1.1ms)[0m  [1mINSERT INTO "schema_migrations" ("version") VALUES ($1)[0m  [["version", "20170323191843"]]
  [1m[35m (125.5ms)[0m  COMMIT
Migrating to DeviseCreateUsers (20170323192044)
  [1m[36m (0.3ms)[0m  [1mBEGIN[0m
  [1m[35m (201.4ms)[0m  CREATE TABLE "users" ("id" serial primary key, "email" character varying DEFAULT '' NOT NULL, "encrypted_password" character varying DEFAULT '' NOT NULL, "first_name" character varying, "last_name" character varying, "phone_number" character varying, "reset_password_token" character varying, "reset_password_sent_at" timestamp, "remember_created_at" timestamp, "sign_in_count" integer DEFAULT 0 NOT NULL, "current_sign_in_at" timestamp, "last_sign_in_at" timestamp, "current_sign_in_ip" inet, "last_sign_in_ip" inet, "created_at" timestamp NOT NULL, "updated_at" timestamp NOT NULL) 
  [1m[36m (0.5ms)[0m  [1mROLLBACK[0m
  [1m[36mActiveRecord::SchemaMigration Load (1.1ms)[0m  [1mSELECT "schema_migrations".* FROM "schema_migrations"[0m
Migrating to DeviseCreateUsers (20170323192044)
  [1m[35m (0.4ms)[0m  BEGIN
  [1m[36m (99.4ms)[0m  [1mCREATE TABLE "users" ("id" serial primary key, "email" character varying DEFAULT '' NOT NULL, "encrypted_password" character varying DEFAULT '' NOT NULL, "first_name" character varying, "last_name" character varying, "phone_number" character varying, "reset_password_token" character varying, "reset_password_sent_at" timestamp, "remember_created_at" timestamp, "sign_in_count" integer DEFAULT 0 NOT NULL, "current_sign_in_at" timestamp, "last_sign_in_at" timestamp, "current_sign_in_ip" inet, "last_sign_in_ip" inet, "created_at" timestamp NOT NULL, "updated_at" timestamp NOT NULL) [0m
  [1m[35m (0.4ms)[0m  ROLLBACK
